<?xml version="1.0" encoding="UTF-8"?>
<!-- Generated by org.testng.reporters.JUnitReportReporter -->
<testsuite hostname="DESKTOP-0LA5ULN" failures="0" tests="3" name="com.qa.hubspot.testPages.HomePageTest" time="20.332" errors="0" timestamp="26 May 2020 20:34:12 GMT" skipped="0">
  <testcase classname="com.qa.hubspot.testPages.HomePageTest" name="verifyHomePageHeaderTest" time="19.970"/>
  <testcase classname="com.qa.hubspot.testPages.HomePageTest" name="verifyHomePageTitle" time="0.008"/>
  <testcase classname="com.qa.hubspot.testPages.HomePageTest" name="verifyLoggedInUserTest" time="0.354"/>
</testsuite> <!-- com.qa.hubspot.testPages.HomePageTest -->
