<?xml version="1.0" encoding="UTF-8"?>
<!-- Generated by org.testng.reporters.JUnitReportReporter -->
<testsuite hostname="DESKTOP-0LA5ULN" failures="0" tests="3" name="com.qa.hubspot.testPages.LoginPageTest" time="13.914" errors="0" timestamp="26 May 2020 20:34:12 GMT" skipped="0">
  <testcase classname="com.qa.hubspot.testPages.LoginPageTest" name="verifySignUpLinkTest" time="6.648"/>
  <testcase classname="com.qa.hubspot.testPages.LoginPageTest" name="verifyLoginPageTitleTest" time="0.010"/>
  <testcase classname="com.qa.hubspot.testPages.LoginPageTest" name="loginTest" time="7.256"/>
</testsuite> <!-- com.qa.hubspot.testPages.LoginPageTest -->
